<?xml version="1.0" encoding="UTF-8"?>
<!-- Generated by org.testng.reporters.JUnitXMLReporter -->
<testsuite ignored="0" hostname="sa" failures="0" tests="5" name="Default test" time="52.979" errors="0" timestamp="2021-06-07T18:06:12 IST">
  <testcase classname="playGround.PlayGround" name="VerifyDateandTime" time="6.897"/>
  <testcase classname="playGround.PlayGround" name="VerifyDeleteCustomerSubmitButton" time="12.563"/>
  <testcase classname="playGround.PlayGround" name="VerifyDeleteCustomerResetButton" time="14.419"/>
  <testcase classname="playGround.PlayGround" name="VerifyDownloadButton" time="11.076"/>
  <testcase classname="playGround.PlayGround" name="VerifyDragAndDrop" time="7.964"/>
</testsuite> <!-- Default test -->
